05-Feb-2018 18:38:23.075 INFO [main] org.apache.catalina.startup.VersionLoggerListener.log Server version:        Apache Tomcat/8.5.27
05-Feb-2018 18:38:23.087 INFO [main] org.apache.catalina.startup.VersionLoggerListener.log Server built:          Jan 18 2018 20:12:40 UTC
05-Feb-2018 18:38:23.087 INFO [main] org.apache.catalina.startup.VersionLoggerListener.log Server number:         8.5.27.0
05-Feb-2018 18:38:23.087 INFO [main] org.apache.catalina.startup.VersionLoggerListener.log OS Name:               Linux
05-Feb-2018 18:38:23.087 INFO [main] org.apache.catalina.startup.VersionLoggerListener.log OS Version:            4.9.0-5-amd64
05-Feb-2018 18:38:23.087 INFO [main] org.apache.catalina.startup.VersionLoggerListener.log Architecture:          amd64
05-Feb-2018 18:38:23.088 INFO [main] org.apache.catalina.startup.VersionLoggerListener.log Java Home:             /usr/lib/jvm/java-8-oracle/jre
05-Feb-2018 18:38:23.088 INFO [main] org.apache.catalina.startup.VersionLoggerListener.log JVM Version:           1.8.0_151-b12
05-Feb-2018 18:38:23.088 INFO [main] org.apache.catalina.startup.VersionLoggerListener.log JVM Vendor:            Oracle Corporation
05-Feb-2018 18:38:23.088 INFO [main] org.apache.catalina.startup.VersionLoggerListener.log CATALINA_BASE:         /home/emdevsh/Escriptori/tomcat
05-Feb-2018 18:38:23.088 INFO [main] org.apache.catalina.startup.VersionLoggerListener.log CATALINA_HOME:         /home/emdevsh/Escriptori/tomcat
05-Feb-2018 18:38:23.089 INFO [main] org.apache.catalina.startup.VersionLoggerListener.log Command line argument: -Djava.util.logging.config.file=/home/emdevsh/Escriptori/tomcat/conf/logging.properties
05-Feb-2018 18:38:23.089 INFO [main] org.apache.catalina.startup.VersionLoggerListener.log Command line argument: -Djava.util.logging.manager=org.apache.juli.ClassLoaderLogManager
05-Feb-2018 18:38:23.089 INFO [main] org.apache.catalina.startup.VersionLoggerListener.log Command line argument: -Djdk.tls.ephemeralDHKeySize=2048
05-Feb-2018 18:38:23.089 INFO [main] org.apache.catalina.startup.VersionLoggerListener.log Command line argument: -Djava.protocol.handler.pkgs=org.apache.catalina.webresources
05-Feb-2018 18:38:23.089 INFO [main] org.apache.catalina.startup.VersionLoggerListener.log Command line argument: -Dignore.endorsed.dirs=
05-Feb-2018 18:38:23.090 INFO [main] org.apache.catalina.startup.VersionLoggerListener.log Command line argument: -Dcatalina.base=/home/emdevsh/Escriptori/tomcat
05-Feb-2018 18:38:23.090 INFO [main] org.apache.catalina.startup.VersionLoggerListener.log Command line argument: -Dcatalina.home=/home/emdevsh/Escriptori/tomcat
05-Feb-2018 18:38:23.090 INFO [main] org.apache.catalina.startup.VersionLoggerListener.log Command line argument: -Djava.io.tmpdir=/home/emdevsh/Escriptori/tomcat/temp
05-Feb-2018 18:38:23.090 INFO [main] org.apache.catalina.core.AprLifecycleListener.lifecycleEvent The APR based Apache Tomcat Native library which allows optimal performance in production environments was not found on the java.library.path: [/usr/java/packages/lib/amd64:/usr/lib64:/lib64:/lib:/usr/lib]
05-Feb-2018 18:38:23.299 INFO [main] org.apache.coyote.AbstractProtocol.init Initializing ProtocolHandler ["http-nio-8080"]
05-Feb-2018 18:38:23.328 INFO [main] org.apache.tomcat.util.net.NioSelectorPool.getSharedSelector Using a shared selector for servlet write/read
05-Feb-2018 18:38:23.336 INFO [main] org.apache.coyote.AbstractProtocol.init Initializing ProtocolHandler ["ajp-nio-8009"]
05-Feb-2018 18:38:23.338 INFO [main] org.apache.tomcat.util.net.NioSelectorPool.getSharedSelector Using a shared selector for servlet write/read
05-Feb-2018 18:38:23.338 INFO [main] org.apache.catalina.startup.Catalina.load Initialization processed in 827 ms
05-Feb-2018 18:38:23.375 INFO [main] org.apache.catalina.core.StandardService.startInternal Starting service [Catalina]
05-Feb-2018 18:38:23.375 INFO [main] org.apache.catalina.core.StandardEngine.startInternal Starting Servlet Engine: Apache Tomcat/8.5.27
05-Feb-2018 18:38:23.385 INFO [localhost-startStop-1] org.apache.catalina.startup.HostConfig.deployDirectory Deploying web application directory [/home/emdevsh/Escriptori/tomcat/webapps/examples]
05-Feb-2018 18:38:24.210 INFO [localhost-startStop-1] org.apache.catalina.startup.HostConfig.deployDirectory Deployment of web application directory [/home/emdevsh/Escriptori/tomcat/webapps/examples] has finished in [824] ms
05-Feb-2018 18:38:24.211 INFO [localhost-startStop-1] org.apache.catalina.startup.HostConfig.deployDirectory Deploying web application directory [/home/emdevsh/Escriptori/tomcat/webapps/manager]
05-Feb-2018 18:38:24.253 INFO [localhost-startStop-1] org.apache.catalina.startup.HostConfig.deployDirectory Deployment of web application directory [/home/emdevsh/Escriptori/tomcat/webapps/manager] has finished in [41] ms
05-Feb-2018 18:38:24.254 INFO [localhost-startStop-1] org.apache.catalina.startup.HostConfig.deployDirectory Deploying web application directory [/home/emdevsh/Escriptori/tomcat/webapps/host-manager]
05-Feb-2018 18:38:24.296 INFO [localhost-startStop-1] org.apache.catalina.startup.HostConfig.deployDirectory Deployment of web application directory [/home/emdevsh/Escriptori/tomcat/webapps/host-manager] has finished in [43] ms
05-Feb-2018 18:38:24.297 INFO [localhost-startStop-1] org.apache.catalina.startup.HostConfig.deployDirectory Deploying web application directory [/home/emdevsh/Escriptori/tomcat/webapps/ROOT]
05-Feb-2018 18:38:24.316 INFO [localhost-startStop-1] org.apache.catalina.startup.HostConfig.deployDirectory Deployment of web application directory [/home/emdevsh/Escriptori/tomcat/webapps/ROOT] has finished in [19] ms
05-Feb-2018 18:38:24.316 INFO [localhost-startStop-1] org.apache.catalina.startup.HostConfig.deployDirectory Deploying web application directory [/home/emdevsh/Escriptori/tomcat/webapps/docs]
05-Feb-2018 18:38:24.334 INFO [localhost-startStop-1] org.apache.catalina.startup.HostConfig.deployDirectory Deployment of web application directory [/home/emdevsh/Escriptori/tomcat/webapps/docs] has finished in [18] ms
05-Feb-2018 18:38:24.337 INFO [main] org.apache.coyote.AbstractProtocol.start Starting ProtocolHandler ["http-nio-8080"]
05-Feb-2018 18:38:24.344 INFO [main] org.apache.coyote.AbstractProtocol.start Starting ProtocolHandler ["ajp-nio-8009"]
05-Feb-2018 18:38:24.347 INFO [main] org.apache.catalina.startup.Catalina.start Server startup in 1008 ms
05-Feb-2018 18:39:24.355 INFO [localhost-startStop-2] org.apache.catalina.startup.HostConfig.deployWAR Deploying web application archive [/home/emdevsh/Escriptori/tomcat/webapps/sample.war]
05-Feb-2018 18:39:24.409 INFO [localhost-startStop-2] org.apache.catalina.startup.HostConfig.deployWAR Deployment of web application archive [/home/emdevsh/Escriptori/tomcat/webapps/sample.war] has finished in [53] ms
05-Feb-2018 18:40:35.046 INFO [Thread-5] org.apache.coyote.AbstractProtocol.pause Pausing ProtocolHandler ["http-nio-8080"]
05-Feb-2018 18:40:35.102 INFO [Thread-5] org.apache.coyote.AbstractProtocol.pause Pausing ProtocolHandler ["ajp-nio-8009"]
05-Feb-2018 18:40:35.154 INFO [Thread-5] org.apache.catalina.core.StandardService.stopInternal Stopping service [Catalina]
05-Feb-2018 18:40:35.214 INFO [Thread-5] org.apache.coyote.AbstractProtocol.stop Stopping ProtocolHandler ["http-nio-8080"]
05-Feb-2018 18:40:35.216 INFO [Thread-5] org.apache.coyote.AbstractProtocol.stop Stopping ProtocolHandler ["ajp-nio-8009"]
05-Feb-2018 18:40:35.219 INFO [Thread-5] org.apache.coyote.AbstractProtocol.destroy Destroying ProtocolHandler ["http-nio-8080"]
05-Feb-2018 18:40:35.220 INFO [Thread-5] org.apache.coyote.AbstractProtocol.destroy Destroying ProtocolHandler ["ajp-nio-8009"]
05-Feb-2018 18:40:41.737 INFO [main] org.apache.catalina.startup.VersionLoggerListener.log Server version:        Apache Tomcat/8.5.27
05-Feb-2018 18:40:41.741 INFO [main] org.apache.catalina.startup.VersionLoggerListener.log Server built:          Jan 18 2018 20:12:40 UTC
05-Feb-2018 18:40:41.741 INFO [main] org.apache.catalina.startup.VersionLoggerListener.log Server number:         8.5.27.0
05-Feb-2018 18:40:41.741 INFO [main] org.apache.catalina.startup.VersionLoggerListener.log OS Name:               Linux
05-Feb-2018 18:40:41.741 INFO [main] org.apache.catalina.startup.VersionLoggerListener.log OS Version:            4.9.0-5-amd64
05-Feb-2018 18:40:41.742 INFO [main] org.apache.catalina.startup.VersionLoggerListener.log Architecture:          amd64
05-Feb-2018 18:40:41.742 INFO [main] org.apache.catalina.startup.VersionLoggerListener.log Java Home:             /usr/lib/jvm/java-8-oracle/jre
05-Feb-2018 18:40:41.742 INFO [main] org.apache.catalina.startup.VersionLoggerListener.log JVM Version:           1.8.0_151-b12
05-Feb-2018 18:40:41.742 INFO [main] org.apache.catalina.startup.VersionLoggerListener.log JVM Vendor:            Oracle Corporation
05-Feb-2018 18:40:41.742 INFO [main] org.apache.catalina.startup.VersionLoggerListener.log CATALINA_BASE:         /home/emdevsh/Escriptori/tomcat
05-Feb-2018 18:40:41.742 INFO [main] org.apache.catalina.startup.VersionLoggerListener.log CATALINA_HOME:         /home/emdevsh/Escriptori/tomcat
05-Feb-2018 18:40:41.743 INFO [main] org.apache.catalina.startup.VersionLoggerListener.log Command line argument: -Djava.util.logging.config.file=/home/emdevsh/Escriptori/tomcat/conf/logging.properties
05-Feb-2018 18:40:41.743 INFO [main] org.apache.catalina.startup.VersionLoggerListener.log Command line argument: -Djava.util.logging.manager=org.apache.juli.ClassLoaderLogManager
05-Feb-2018 18:40:41.743 INFO [main] org.apache.catalina.startup.VersionLoggerListener.log Command line argument: -Djdk.tls.ephemeralDHKeySize=2048
05-Feb-2018 18:40:41.743 INFO [main] org.apache.catalina.startup.VersionLoggerListener.log Command line argument: -Djava.protocol.handler.pkgs=org.apache.catalina.webresources
05-Feb-2018 18:40:41.743 INFO [main] org.apache.catalina.startup.VersionLoggerListener.log Command line argument: -Dignore.endorsed.dirs=
05-Feb-2018 18:40:41.743 INFO [main] org.apache.catalina.startup.VersionLoggerListener.log Command line argument: -Dcatalina.base=/home/emdevsh/Escriptori/tomcat
05-Feb-2018 18:40:41.743 INFO [main] org.apache.catalina.startup.VersionLoggerListener.log Command line argument: -Dcatalina.home=/home/emdevsh/Escriptori/tomcat
05-Feb-2018 18:40:41.743 INFO [main] org.apache.catalina.startup.VersionLoggerListener.log Command line argument: -Djava.io.tmpdir=/home/emdevsh/Escriptori/tomcat/temp
05-Feb-2018 18:40:41.744 INFO [main] org.apache.catalina.core.AprLifecycleListener.lifecycleEvent The APR based Apache Tomcat Native library which allows optimal performance in production environments was not found on the java.library.path: [/usr/java/packages/lib/amd64:/usr/lib64:/lib64:/lib:/usr/lib]
05-Feb-2018 18:40:41.885 INFO [main] org.apache.coyote.AbstractProtocol.init Initializing ProtocolHandler ["http-nio-8080"]
05-Feb-2018 18:40:41.901 INFO [main] org.apache.tomcat.util.net.NioSelectorPool.getSharedSelector Using a shared selector for servlet write/read
05-Feb-2018 18:40:41.917 INFO [main] org.apache.coyote.AbstractProtocol.init Initializing ProtocolHandler ["ajp-nio-8009"]
05-Feb-2018 18:40:41.919 INFO [main] org.apache.tomcat.util.net.NioSelectorPool.getSharedSelector Using a shared selector for servlet write/read
05-Feb-2018 18:40:41.920 INFO [main] org.apache.catalina.startup.Catalina.load Initialization processed in 663 ms
05-Feb-2018 18:40:41.949 INFO [main] org.apache.catalina.core.StandardService.startInternal Starting service [Catalina]
05-Feb-2018 18:40:41.949 INFO [main] org.apache.catalina.core.StandardEngine.startInternal Starting Servlet Engine: Apache Tomcat/8.5.27
05-Feb-2018 18:40:41.997 INFO [localhost-startStop-1] org.apache.catalina.startup.HostConfig.deployWAR Deploying web application archive [/home/emdevsh/Escriptori/tomcat/webapps/sample.war]
05-Feb-2018 18:40:42.336 INFO [localhost-startStop-1] org.apache.catalina.startup.HostConfig.deployWAR Deployment of web application archive [/home/emdevsh/Escriptori/tomcat/webapps/sample.war] has finished in [338] ms
05-Feb-2018 18:40:42.338 INFO [localhost-startStop-1] org.apache.catalina.startup.HostConfig.deployDirectory Deploying web application directory [/home/emdevsh/Escriptori/tomcat/webapps/examples]
05-Feb-2018 18:40:42.638 INFO [localhost-startStop-1] org.apache.catalina.startup.HostConfig.deployDirectory Deployment of web application directory [/home/emdevsh/Escriptori/tomcat/webapps/examples] has finished in [301] ms
05-Feb-2018 18:40:42.638 INFO [localhost-startStop-1] org.apache.catalina.startup.HostConfig.deployDirectory Deploying web application directory [/home/emdevsh/Escriptori/tomcat/webapps/manager]
05-Feb-2018 18:40:42.691 INFO [localhost-startStop-1] org.apache.catalina.startup.HostConfig.deployDirectory Deployment of web application directory [/home/emdevsh/Escriptori/tomcat/webapps/manager] has finished in [52] ms
05-Feb-2018 18:40:42.691 INFO [localhost-startStop-1] org.apache.catalina.startup.HostConfig.deployDirectory Deploying web application directory [/home/emdevsh/Escriptori/tomcat/webapps/host-manager]
05-Feb-2018 18:40:42.726 INFO [localhost-startStop-1] org.apache.catalina.startup.HostConfig.deployDirectory Deployment of web application directory [/home/emdevsh/Escriptori/tomcat/webapps/host-manager] has finished in [35] ms
05-Feb-2018 18:40:42.726 INFO [localhost-startStop-1] org.apache.catalina.startup.HostConfig.deployDirectory Deploying web application directory [/home/emdevsh/Escriptori/tomcat/webapps/ROOT]
05-Feb-2018 18:40:42.744 INFO [localhost-startStop-1] org.apache.catalina.startup.HostConfig.deployDirectory Deployment of web application directory [/home/emdevsh/Escriptori/tomcat/webapps/ROOT] has finished in [18] ms
05-Feb-2018 18:40:42.744 INFO [localhost-startStop-1] org.apache.catalina.startup.HostConfig.deployDirectory Deploying web application directory [/home/emdevsh/Escriptori/tomcat/webapps/docs]
05-Feb-2018 18:40:42.764 INFO [localhost-startStop-1] org.apache.catalina.startup.HostConfig.deployDirectory Deployment of web application directory [/home/emdevsh/Escriptori/tomcat/webapps/docs] has finished in [20] ms
05-Feb-2018 18:40:42.773 INFO [main] org.apache.coyote.AbstractProtocol.start Starting ProtocolHandler ["http-nio-8080"]
05-Feb-2018 18:40:42.788 INFO [main] org.apache.coyote.AbstractProtocol.start Starting ProtocolHandler ["ajp-nio-8009"]
05-Feb-2018 18:40:42.797 INFO [main] org.apache.catalina.startup.Catalina.start Server startup in 876 ms
05-Feb-2018 18:44:04.579 INFO [main] org.apache.catalina.core.StandardServer.await A valid shutdown command was received via the shutdown port. Stopping the Server instance.
05-Feb-2018 18:44:04.589 INFO [main] org.apache.coyote.AbstractProtocol.pause Pausing ProtocolHandler ["http-nio-8080"]
05-Feb-2018 18:44:04.646 INFO [main] org.apache.coyote.AbstractProtocol.pause Pausing ProtocolHandler ["ajp-nio-8009"]
05-Feb-2018 18:44:04.697 INFO [main] org.apache.catalina.core.StandardService.stopInternal Stopping service [Catalina]
05-Feb-2018 18:44:04.750 INFO [main] org.apache.coyote.AbstractProtocol.stop Stopping ProtocolHandler ["http-nio-8080"]
05-Feb-2018 18:44:04.753 INFO [main] org.apache.coyote.AbstractProtocol.stop Stopping ProtocolHandler ["ajp-nio-8009"]
05-Feb-2018 18:44:04.755 INFO [main] org.apache.coyote.AbstractProtocol.destroy Destroying ProtocolHandler ["http-nio-8080"]
05-Feb-2018 18:44:04.756 INFO [main] org.apache.coyote.AbstractProtocol.destroy Destroying ProtocolHandler ["ajp-nio-8009"]
