20-Mar-2018 22:00:26.345 INFO [main] org.apache.catalina.startup.VersionLoggerListener.log Server version:        Apache Tomcat/8.5.29
20-Mar-2018 22:00:26.347 INFO [main] org.apache.catalina.startup.VersionLoggerListener.log Server built:          Mar 5 2018 13:11:12 UTC
20-Mar-2018 22:00:26.347 INFO [main] org.apache.catalina.startup.VersionLoggerListener.log Server number:         8.5.29.0
20-Mar-2018 22:00:26.347 INFO [main] org.apache.catalina.startup.VersionLoggerListener.log OS Name:               Linux
20-Mar-2018 22:00:26.347 INFO [main] org.apache.catalina.startup.VersionLoggerListener.log OS Version:            4.14.27-1-lts
20-Mar-2018 22:00:26.347 INFO [main] org.apache.catalina.startup.VersionLoggerListener.log Architecture:          amd64
20-Mar-2018 22:00:26.347 INFO [main] org.apache.catalina.startup.VersionLoggerListener.log Java Home:             /usr/lib/jvm/java-8-jre/jre
20-Mar-2018 22:00:26.347 INFO [main] org.apache.catalina.startup.VersionLoggerListener.log JVM Version:           1.8.0_162-b12
20-Mar-2018 22:00:26.347 INFO [main] org.apache.catalina.startup.VersionLoggerListener.log JVM Vendor:            Oracle Corporation
20-Mar-2018 22:00:26.347 INFO [main] org.apache.catalina.startup.VersionLoggerListener.log CATALINA_BASE:         /home/emdevsh/Documents/TradersProject/tomcat
20-Mar-2018 22:00:26.348 INFO [main] org.apache.catalina.startup.VersionLoggerListener.log CATALINA_HOME:         /home/emdevsh/Documents/TradersProject/tomcat
20-Mar-2018 22:00:26.348 INFO [main] org.apache.catalina.startup.VersionLoggerListener.log Command line argument: -Djava.util.logging.config.file=/home/emdevsh/Documents/TradersProject/tomcat/conf/logging.properties
20-Mar-2018 22:00:26.348 INFO [main] org.apache.catalina.startup.VersionLoggerListener.log Command line argument: -Djava.util.logging.manager=org.apache.juli.ClassLoaderLogManager
20-Mar-2018 22:00:26.348 INFO [main] org.apache.catalina.startup.VersionLoggerListener.log Command line argument: -Djdk.tls.ephemeralDHKeySize=2048
20-Mar-2018 22:00:26.348 INFO [main] org.apache.catalina.startup.VersionLoggerListener.log Command line argument: -Djava.protocol.handler.pkgs=org.apache.catalina.webresources
20-Mar-2018 22:00:26.348 INFO [main] org.apache.catalina.startup.VersionLoggerListener.log Command line argument: -Dignore.endorsed.dirs=
20-Mar-2018 22:00:26.348 INFO [main] org.apache.catalina.startup.VersionLoggerListener.log Command line argument: -Dcatalina.base=/home/emdevsh/Documents/TradersProject/tomcat
20-Mar-2018 22:00:26.348 INFO [main] org.apache.catalina.startup.VersionLoggerListener.log Command line argument: -Dcatalina.home=/home/emdevsh/Documents/TradersProject/tomcat
20-Mar-2018 22:00:26.348 INFO [main] org.apache.catalina.startup.VersionLoggerListener.log Command line argument: -Djava.io.tmpdir=/home/emdevsh/Documents/TradersProject/tomcat/temp
20-Mar-2018 22:00:26.348 INFO [main] org.apache.catalina.core.AprLifecycleListener.lifecycleEvent The APR based Apache Tomcat Native library which allows optimal performance in production environments was not found on the java.library.path: [/usr/java/packages/lib/amd64:/usr/lib64:/lib64:/lib:/usr/lib]
20-Mar-2018 22:00:26.429 INFO [main] org.apache.coyote.AbstractProtocol.init Initializing ProtocolHandler ["http-nio-8080"]
20-Mar-2018 22:00:26.436 INFO [main] org.apache.tomcat.util.net.NioSelectorPool.getSharedSelector Using a shared selector for servlet write/read
20-Mar-2018 22:00:26.440 INFO [main] org.apache.coyote.AbstractProtocol.init Initializing ProtocolHandler ["ajp-nio-8009"]
20-Mar-2018 22:00:26.441 INFO [main] org.apache.tomcat.util.net.NioSelectorPool.getSharedSelector Using a shared selector for servlet write/read
20-Mar-2018 22:00:26.441 INFO [main] org.apache.catalina.startup.Catalina.load Initialization processed in 338 ms
20-Mar-2018 22:00:26.455 INFO [main] org.apache.catalina.core.StandardService.startInternal Starting service [Catalina]
20-Mar-2018 22:00:26.455 INFO [main] org.apache.catalina.core.StandardEngine.startInternal Starting Servlet Engine: Apache Tomcat/8.5.29
20-Mar-2018 22:00:26.462 INFO [localhost-startStop-1] org.apache.catalina.startup.HostConfig.deployDirectory Deploying web application directory [/home/emdevsh/Documents/TradersProject/tomcat/webapps/manager]
20-Mar-2018 22:00:26.660 INFO [localhost-startStop-1] org.apache.catalina.startup.HostConfig.deployDirectory Deployment of web application directory [/home/emdevsh/Documents/TradersProject/tomcat/webapps/manager] has finished in [198] ms
20-Mar-2018 22:00:26.661 INFO [localhost-startStop-1] org.apache.catalina.startup.HostConfig.deployDirectory Deploying web application directory [/home/emdevsh/Documents/TradersProject/tomcat/webapps/ROOT]
20-Mar-2018 22:00:26.671 INFO [localhost-startStop-1] org.apache.catalina.startup.HostConfig.deployDirectory Deployment of web application directory [/home/emdevsh/Documents/TradersProject/tomcat/webapps/ROOT] has finished in [10] ms
20-Mar-2018 22:00:26.671 INFO [localhost-startStop-1] org.apache.catalina.startup.HostConfig.deployDirectory Deploying web application directory [/home/emdevsh/Documents/TradersProject/tomcat/webapps/docs]
20-Mar-2018 22:00:26.680 INFO [localhost-startStop-1] org.apache.catalina.startup.HostConfig.deployDirectory Deployment of web application directory [/home/emdevsh/Documents/TradersProject/tomcat/webapps/docs] has finished in [9] ms
20-Mar-2018 22:00:26.680 INFO [localhost-startStop-1] org.apache.catalina.startup.HostConfig.deployDirectory Deploying web application directory [/home/emdevsh/Documents/TradersProject/tomcat/webapps/host-manager]
20-Mar-2018 22:00:26.692 INFO [localhost-startStop-1] org.apache.catalina.startup.HostConfig.deployDirectory Deployment of web application directory [/home/emdevsh/Documents/TradersProject/tomcat/webapps/host-manager] has finished in [12] ms
20-Mar-2018 22:00:26.692 INFO [localhost-startStop-1] org.apache.catalina.startup.HostConfig.deployDirectory Deploying web application directory [/home/emdevsh/Documents/TradersProject/tomcat/webapps/examples]
20-Mar-2018 22:00:26.873 INFO [localhost-startStop-1] org.apache.catalina.startup.HostConfig.deployDirectory Deployment of web application directory [/home/emdevsh/Documents/TradersProject/tomcat/webapps/examples] has finished in [181] ms
20-Mar-2018 22:00:26.876 INFO [main] org.apache.coyote.AbstractProtocol.start Starting ProtocolHandler ["http-nio-8080"]
20-Mar-2018 22:00:26.882 INFO [main] org.apache.coyote.AbstractProtocol.start Starting ProtocolHandler ["ajp-nio-8009"]
20-Mar-2018 22:00:26.884 INFO [main] org.apache.catalina.startup.Catalina.start Server startup in 443 ms
20-Mar-2018 22:01:58.393 INFO [main] org.apache.catalina.core.StandardServer.await A valid shutdown command was received via the shutdown port. Stopping the Server instance.
20-Mar-2018 22:01:58.393 INFO [main] org.apache.coyote.AbstractProtocol.pause Pausing ProtocolHandler ["http-nio-8080"]
20-Mar-2018 22:01:58.445 INFO [main] org.apache.coyote.AbstractProtocol.pause Pausing ProtocolHandler ["ajp-nio-8009"]
20-Mar-2018 22:01:58.496 INFO [main] org.apache.catalina.core.StandardService.stopInternal Stopping service [Catalina]
20-Mar-2018 22:01:58.510 INFO [main] org.apache.coyote.AbstractProtocol.stop Stopping ProtocolHandler ["http-nio-8080"]
20-Mar-2018 22:01:58.511 INFO [main] org.apache.coyote.AbstractProtocol.stop Stopping ProtocolHandler ["ajp-nio-8009"]
20-Mar-2018 22:01:58.512 INFO [main] org.apache.coyote.AbstractProtocol.destroy Destroying ProtocolHandler ["http-nio-8080"]
20-Mar-2018 22:01:58.512 INFO [main] org.apache.coyote.AbstractProtocol.destroy Destroying ProtocolHandler ["ajp-nio-8009"]
20-Mar-2018 22:02:02.024 INFO [main] org.apache.catalina.startup.VersionLoggerListener.log Server version:        Apache Tomcat/8.5.29
20-Mar-2018 22:02:02.026 INFO [main] org.apache.catalina.startup.VersionLoggerListener.log Server built:          Mar 5 2018 13:11:12 UTC
20-Mar-2018 22:02:02.026 INFO [main] org.apache.catalina.startup.VersionLoggerListener.log Server number:         8.5.29.0
20-Mar-2018 22:02:02.027 INFO [main] org.apache.catalina.startup.VersionLoggerListener.log OS Name:               Linux
20-Mar-2018 22:02:02.027 INFO [main] org.apache.catalina.startup.VersionLoggerListener.log OS Version:            4.14.27-1-lts
20-Mar-2018 22:02:02.027 INFO [main] org.apache.catalina.startup.VersionLoggerListener.log Architecture:          amd64
20-Mar-2018 22:02:02.027 INFO [main] org.apache.catalina.startup.VersionLoggerListener.log Java Home:             /usr/lib/jvm/java-8-jre/jre
20-Mar-2018 22:02:02.027 INFO [main] org.apache.catalina.startup.VersionLoggerListener.log JVM Version:           1.8.0_162-b12
20-Mar-2018 22:02:02.027 INFO [main] org.apache.catalina.startup.VersionLoggerListener.log JVM Vendor:            Oracle Corporation
20-Mar-2018 22:02:02.027 INFO [main] org.apache.catalina.startup.VersionLoggerListener.log CATALINA_BASE:         /home/emdevsh/Documents/TradersProject/tomcat
20-Mar-2018 22:02:02.027 INFO [main] org.apache.catalina.startup.VersionLoggerListener.log CATALINA_HOME:         /home/emdevsh/Documents/TradersProject/tomcat
20-Mar-2018 22:02:02.028 INFO [main] org.apache.catalina.startup.VersionLoggerListener.log Command line argument: -Djava.util.logging.config.file=/home/emdevsh/Documents/TradersProject/tomcat/conf/logging.properties
20-Mar-2018 22:02:02.028 INFO [main] org.apache.catalina.startup.VersionLoggerListener.log Command line argument: -Djava.util.logging.manager=org.apache.juli.ClassLoaderLogManager
20-Mar-2018 22:02:02.028 INFO [main] org.apache.catalina.startup.VersionLoggerListener.log Command line argument: -Djdk.tls.ephemeralDHKeySize=2048
20-Mar-2018 22:02:02.028 INFO [main] org.apache.catalina.startup.VersionLoggerListener.log Command line argument: -Djava.protocol.handler.pkgs=org.apache.catalina.webresources
20-Mar-2018 22:02:02.028 INFO [main] org.apache.catalina.startup.VersionLoggerListener.log Command line argument: -Dignore.endorsed.dirs=
20-Mar-2018 22:02:02.028 INFO [main] org.apache.catalina.startup.VersionLoggerListener.log Command line argument: -Dcatalina.base=/home/emdevsh/Documents/TradersProject/tomcat
20-Mar-2018 22:02:02.028 INFO [main] org.apache.catalina.startup.VersionLoggerListener.log Command line argument: -Dcatalina.home=/home/emdevsh/Documents/TradersProject/tomcat
20-Mar-2018 22:02:02.028 INFO [main] org.apache.catalina.startup.VersionLoggerListener.log Command line argument: -Djava.io.tmpdir=/home/emdevsh/Documents/TradersProject/tomcat/temp
20-Mar-2018 22:02:02.029 INFO [main] org.apache.catalina.core.AprLifecycleListener.lifecycleEvent The APR based Apache Tomcat Native library which allows optimal performance in production environments was not found on the java.library.path: [/usr/java/packages/lib/amd64:/usr/lib64:/lib64:/lib:/usr/lib]
20-Mar-2018 22:02:02.112 INFO [main] org.apache.coyote.AbstractProtocol.init Initializing ProtocolHandler ["http-nio-8080"]
20-Mar-2018 22:02:02.120 INFO [main] org.apache.tomcat.util.net.NioSelectorPool.getSharedSelector Using a shared selector for servlet write/read
20-Mar-2018 22:02:02.124 INFO [main] org.apache.coyote.AbstractProtocol.init Initializing ProtocolHandler ["ajp-nio-8009"]
20-Mar-2018 22:02:02.125 INFO [main] org.apache.tomcat.util.net.NioSelectorPool.getSharedSelector Using a shared selector for servlet write/read
20-Mar-2018 22:02:02.126 INFO [main] org.apache.catalina.startup.Catalina.load Initialization processed in 351 ms
20-Mar-2018 22:02:02.142 INFO [main] org.apache.catalina.core.StandardService.startInternal Starting service [Catalina]
20-Mar-2018 22:02:02.143 INFO [main] org.apache.catalina.core.StandardEngine.startInternal Starting Servlet Engine: Apache Tomcat/8.5.29
20-Mar-2018 22:02:02.148 INFO [localhost-startStop-1] org.apache.catalina.startup.HostConfig.deployDirectory Deploying web application directory [/home/emdevsh/Documents/TradersProject/tomcat/webapps/manager]
20-Mar-2018 22:02:02.365 INFO [localhost-startStop-1] org.apache.catalina.startup.HostConfig.deployDirectory Deployment of web application directory [/home/emdevsh/Documents/TradersProject/tomcat/webapps/manager] has finished in [216] ms
20-Mar-2018 22:02:02.365 INFO [localhost-startStop-1] org.apache.catalina.startup.HostConfig.deployDirectory Deploying web application directory [/home/emdevsh/Documents/TradersProject/tomcat/webapps/ROOT]
20-Mar-2018 22:02:02.375 INFO [localhost-startStop-1] org.apache.catalina.startup.HostConfig.deployDirectory Deployment of web application directory [/home/emdevsh/Documents/TradersProject/tomcat/webapps/ROOT] has finished in [10] ms
20-Mar-2018 22:02:02.375 INFO [localhost-startStop-1] org.apache.catalina.startup.HostConfig.deployDirectory Deploying web application directory [/home/emdevsh/Documents/TradersProject/tomcat/webapps/docs]
20-Mar-2018 22:02:02.385 INFO [localhost-startStop-1] org.apache.catalina.startup.HostConfig.deployDirectory Deployment of web application directory [/home/emdevsh/Documents/TradersProject/tomcat/webapps/docs] has finished in [10] ms
20-Mar-2018 22:02:02.385 INFO [localhost-startStop-1] org.apache.catalina.startup.HostConfig.deployDirectory Deploying web application directory [/home/emdevsh/Documents/TradersProject/tomcat/webapps/host-manager]
20-Mar-2018 22:02:02.396 INFO [localhost-startStop-1] org.apache.catalina.startup.HostConfig.deployDirectory Deployment of web application directory [/home/emdevsh/Documents/TradersProject/tomcat/webapps/host-manager] has finished in [11] ms
20-Mar-2018 22:02:02.396 INFO [localhost-startStop-1] org.apache.catalina.startup.HostConfig.deployDirectory Deploying web application directory [/home/emdevsh/Documents/TradersProject/tomcat/webapps/examples]
20-Mar-2018 22:02:02.550 INFO [localhost-startStop-1] org.apache.catalina.startup.HostConfig.deployDirectory Deployment of web application directory [/home/emdevsh/Documents/TradersProject/tomcat/webapps/examples] has finished in [153] ms
20-Mar-2018 22:02:02.551 INFO [main] org.apache.coyote.AbstractProtocol.start Starting ProtocolHandler ["http-nio-8080"]
20-Mar-2018 22:02:02.556 INFO [main] org.apache.coyote.AbstractProtocol.start Starting ProtocolHandler ["ajp-nio-8009"]
20-Mar-2018 22:02:02.558 INFO [main] org.apache.catalina.startup.Catalina.start Server startup in 431 ms
20-Mar-2018 22:02:22.554 INFO [localhost-startStop-2] org.apache.catalina.startup.HostConfig.deployWAR Deploying web application archive [/home/emdevsh/Documents/TradersProject/tomcat/webapps/sample.war]
20-Mar-2018 22:02:22.571 INFO [localhost-startStop-2] org.apache.catalina.startup.HostConfig.deployWAR Deployment of web application archive [/home/emdevsh/Documents/TradersProject/tomcat/webapps/sample.war] has finished in [17] ms
20-Mar-2018 22:02:58.206 INFO [main] org.apache.catalina.core.StandardServer.await A valid shutdown command was received via the shutdown port. Stopping the Server instance.
20-Mar-2018 22:02:58.207 INFO [main] org.apache.coyote.AbstractProtocol.pause Pausing ProtocolHandler ["http-nio-8080"]
20-Mar-2018 22:02:58.259 INFO [main] org.apache.coyote.AbstractProtocol.pause Pausing ProtocolHandler ["ajp-nio-8009"]
20-Mar-2018 22:02:58.310 INFO [main] org.apache.catalina.core.StandardService.stopInternal Stopping service [Catalina]
20-Mar-2018 22:02:58.331 INFO [main] org.apache.coyote.AbstractProtocol.stop Stopping ProtocolHandler ["http-nio-8080"]
20-Mar-2018 22:02:58.331 INFO [main] org.apache.coyote.AbstractProtocol.stop Stopping ProtocolHandler ["ajp-nio-8009"]
20-Mar-2018 22:02:58.332 INFO [main] org.apache.coyote.AbstractProtocol.destroy Destroying ProtocolHandler ["http-nio-8080"]
20-Mar-2018 22:02:58.333 INFO [main] org.apache.coyote.AbstractProtocol.destroy Destroying ProtocolHandler ["ajp-nio-8009"]
